#
# There is insufficient memory for the Java Runtime Environment to continue.
# Native memory allocation (malloc) failed to allocate 1048576 bytes for AllocateHeap
# Possible reasons:
#   The system is out of physical RAM or swap space
#   The process is running with CompressedOops enabled, and the Java Heap may be blocking the growth of the native heap
# Possible solutions:
#   Reduce memory load on the system
#   Increase physical memory or swap space
#   Check if swap backing store is full
#   Decrease Java heap size (-Xmx/-Xms)
#   Decrease number of Java threads
#   Decrease Java thread stack sizes (-Xss)
#   Set larger code cache with -XX:ReservedCodeCacheSize=
#   JVM is running with Unscaled Compressed Oops mode in which the Java heap is
#     placed in the first 4GB address space. The Java Heap base address is the
#     maximum limit for the native heap growth. Please use -XX:HeapBaseMinAddress
#     to set the Java Heap base and to place the Java Heap above 4GB virtual address.
# This output file may be truncated or incomplete.
#
#  Out of Memory Error (allocation.cpp:44), pid=41176, tid=48664
#
# JRE version:  (17.0.8.1+1) (build )
# Java VM: OpenJDK 64-Bit Server VM (17.0.8.1+1, mixed mode, sharing, tiered, compressed oops, compressed class ptrs, g1 gc, windows-amd64)
# No core dump will be written. Minidumps are not enabled by default on client versions of Windows
#

---------------  S U M M A R Y ------------

Command Line: -XX:+ShowCodeDetailsInExceptionMessages -agentlib:jdwp=transport=dt_socket,suspend=y,address=localhost:49271 -javaagent:C:\Users\USer\eclipse\java-2023-0618\eclipse\configuration\org.eclipse.osgi\248\0\.cp\lib\javaagent-shaded.jar -Dfile.encoding=UTF-8 --module-path=C:\Users\USer\eclipse-workspace\Java_CK\bin -Djdk.module.main=Java_CK Java_CK/Java_CK.ChatServer

Host: AMD Ryzen 5 7530U with Radeon Graphics         , 12 cores, 7G,  Windows 11 , 64 bit Build 22621 (10.0.22621.3374)
Time: Sat May 18 00:10:18 2024 SE Asia Standard Time elapsed time: 0.017596 seconds (0d 0h 0m 0s)

---------------  T H R E A D  ---------------

Current thread (0x0000025b089bb950):  JavaThread "Unknown thread" [_thread_in_vm, id=48664, stack(0x000000a090d00000,0x000000a090e00000)]

Stack: [0x000000a090d00000,0x000000a090e00000]
Native frames: (J=compiled Java code, j=interpreted, Vv=VM code, C=native code)
V  [jvm.dll+0x678b0a]
V  [jvm.dll+0x835e84]
V  [jvm.dll+0x83762e]
V  [jvm.dll+0x837c93]
V  [jvm.dll+0x24746f]
V  [jvm.dll+0xa697b]
V  [jvm.dll+0x2e6c37]
V  [jvm.dll+0x2dea8b]
V  [jvm.dll+0x807f31]
V  [jvm.dll+0x36bb21]
V  [jvm.dll+0x7e733c]
V  [jvm.dll+0x3ee4af]
V  [jvm.dll+0x3f00c1]
C  [jli.dll+0x528b]
C  [ucrtbase.dll+0x29333]
C  [KERNEL32.DLL+0x1257d]
C  [ntdll.dll+0x5aa48]


---------------  P R O C E S S  ---------------

Threads class SMR info:
_java_thread_list=0x00007ffaba5aa018, length=0, elements={
}

Java Threads: ( => current thread )

Other Threads:
  0x0000025b08a12e20 GCTaskThread "GC Thread#0" [stack: 0x000000a090e00000,0x000000a090f00000] [id=47432]

[error occurred during error reporting (printing all threads), id 0xc0000005, EXCEPTION_ACCESS_VIOLATION (0xc0000005) at pc=0x00007ffab9d7bbc0]

VM state: not at safepoint (not fully initialized)

VM Mutex/Monitor currently owned by a thread:  ([mutex/lock_event])
[0x0000025b089b7dd0] Heap_lock - owner thread: 0x0000025b089bb950

Heap address: 0x0000000089e00000, size: 1890 MB, Compressed Oops mode: 32-bit

CDS archive(s) mapped at: [0x0000000000000000-0x0000000000000000-0x0000000000000000), size 0, SharedBaseAddress: 0x0000000800000000, ArchiveRelocationMode: 1.
Narrow klass base: 0x0000000000000000, Narrow klass shift: 0, Narrow klass range: 0x0

GC Precious Log:
<Empty>

Heap:
 garbage-first heap   total 0K, used 0K [0x0000000089e00000, 0x0000000100000000)
  region size 1024K, 0 young (0K), 0 survivors (0K)

[error occurred during error reporting (printing heap information), id 0xc0000005, EXCEPTION_ACCESS_VIOLATION (0xc0000005) at pc=0x00007ffaba162699]

GC Heap History (0 events):
No events

Dll operation events (1 events):
Event: 0.012 Loaded shared library C:\Users\USer\.p2\pool\plugins\org.eclipse.justj.openjdk.hotspot.jre.full.win32.x86_64_17.0.8.v20230831-1047\jre\bin\java.dll

Deoptimization events (0 events):
No events

Classes unloaded (0 events):
No events

Classes redefined (0 events):
No events

Internal exceptions (0 events):
No events

VM Operations (0 events):
No events

Events (0 events):
No events


Dynamic libraries:
0x00007ff6cb180000 - 0x00007ff6cb18e000 	C:\Users\USer\.p2\pool\plugins\org.eclipse.justj.openjdk.hotspot.jre.full.win32.x86_64_17.0.8.v20230831-1047\jre\bin\javaw.exe
0x00007ffb2a0f0000 - 0x00007ffb2a306000 	C:\WINDOWS\SYSTEM32\ntdll.dll
0x00007ffb297e0000 - 0x00007ffb298a4000 	C:\WINDOWS\System32\KERNEL32.DLL
0x00007ffb277e0000 - 0x00007ffb27b87000 	C:\WINDOWS\System32\KERNELBASE.dll
0x00007ffb27500000 - 0x00007ffb27611000 	C:\WINDOWS\System32\ucrtbase.dll
0x00007ffb20000000 - 0x00007ffb20019000 	C:\Users\USer\.p2\pool\plugins\org.eclipse.justj.openjdk.hotspot.jre.full.win32.x86_64_17.0.8.v20230831-1047\jre\bin\VCRUNTIME140.dll
0x00007ffb20020000 - 0x00007ffb20037000 	C:\Users\USer\.p2\pool\plugins\org.eclipse.justj.openjdk.hotspot.jre.full.win32.x86_64_17.0.8.v20230831-1047\jre\bin\jli.dll
0x00007ffb282a0000 - 0x00007ffb2844e000 	C:\WINDOWS\System32\USER32.dll
0x00007ffb274d0000 - 0x00007ffb274f6000 	C:\WINDOWS\System32\win32u.dll
0x00007ffb297b0000 - 0x00007ffb297d9000 	C:\WINDOWS\System32\GDI32.dll
0x00007ffb276c0000 - 0x00007ffb277d9000 	C:\WINDOWS\System32\gdi32full.dll
0x00007ffb26670000 - 0x00007ffb26903000 	C:\WINDOWS\WinSxS\amd64_microsoft.windows.common-controls_6595b64144ccf1df_6.0.22621.3235_none_270f74e173860f98\COMCTL32.dll
0x00007ffb27620000 - 0x00007ffb276ba000 	C:\WINDOWS\System32\msvcp_win.dll
0x00007ffb29a40000 - 0x00007ffb29ae7000 	C:\WINDOWS\System32\msvcrt.dll
0x00007ffb28eb0000 - 0x00007ffb28ee1000 	C:\WINDOWS\System32\IMM32.DLL
0x000000005dbc0000 - 0x000000005dbcc000 	C:\Program Files (x86)\360\Total Security\safemon\SafeWrapper.dll
0x00007ffb29ff0000 - 0x00007ffb2a0a2000 	C:\WINDOWS\System32\ADVAPI32.dll
0x00007ffb28f00000 - 0x00007ffb28fa8000 	C:\WINDOWS\System32\sechost.dll
0x00007ffb27b90000 - 0x00007ffb27bb8000 	C:\WINDOWS\System32\bcrypt.dll
0x00007ffb284e0000 - 0x00007ffb285f5000 	C:\WINDOWS\System32\RPCRT4.dll
0x00007ffaecf70000 - 0x00007ffaed002000 	C:\Program Files (x86)\360\Total Security\safemon\libzdtp64.dll
0x00007ffb28650000 - 0x00007ffb28eac000 	C:\WINDOWS\System32\SHELL32.dll
0x00007ffb28240000 - 0x00007ffb2829e000 	C:\WINDOWS\System32\SHLWAPI.dll
0x00007ffb26e70000 - 0x00007ffb26e7a000 	C:\WINDOWS\SYSTEM32\VERSION.dll
0x00007ffb17750000 - 0x00007ffb1775c000 	C:\Users\USer\.p2\pool\plugins\org.eclipse.justj.openjdk.hotspot.jre.full.win32.x86_64_17.0.8.v20230831-1047\jre\bin\vcruntime140_1.dll
0x00007ffb12470000 - 0x00007ffb12501000 	C:\Users\USer\.p2\pool\plugins\org.eclipse.justj.openjdk.hotspot.jre.full.win32.x86_64_17.0.8.v20230831-1047\jre\bin\msvcp140.dll
0x00007ffab9a90000 - 0x00007ffaba6dc000 	C:\Users\USer\.p2\pool\plugins\org.eclipse.justj.openjdk.hotspot.jre.full.win32.x86_64_17.0.8.v20230831-1047\jre\bin\server\jvm.dll
0x00007ffb1e9d0000 - 0x00007ffb1ea04000 	C:\WINDOWS\SYSTEM32\WINMM.dll
0x00007ffb272e0000 - 0x00007ffb2732d000 	C:\WINDOWS\SYSTEM32\POWRPROF.dll
0x00007ffb1ff40000 - 0x00007ffb1ff49000 	C:\WINDOWS\SYSTEM32\WSOCK32.dll
0x00007ffb281c0000 - 0x00007ffb28231000 	C:\WINDOWS\System32\WS2_32.dll
0x00007ffb272c0000 - 0x00007ffb272d3000 	C:\WINDOWS\SYSTEM32\UMPDC.dll
0x00007ffb25ae0000 - 0x00007ffb25af8000 	C:\WINDOWS\SYSTEM32\kernel.appcore.dll
0x00007ffb17670000 - 0x00007ffb1767a000 	C:\Users\USer\.p2\pool\plugins\org.eclipse.justj.openjdk.hotspot.jre.full.win32.x86_64_17.0.8.v20230831-1047\jre\bin\jimage.dll
0x00007ffb26c30000 - 0x00007ffb26e63000 	C:\WINDOWS\SYSTEM32\DBGHELP.DLL
0x00007ffb27e30000 - 0x00007ffb281b8000 	C:\WINDOWS\System32\combase.dll
0x00007ffb298d0000 - 0x00007ffb299a7000 	C:\WINDOWS\System32\OLEAUT32.dll
0x00007ffb26b10000 - 0x00007ffb26b42000 	C:\WINDOWS\SYSTEM32\dbgcore.DLL
0x00007ffb27bc0000 - 0x00007ffb27c39000 	C:\WINDOWS\System32\bcryptPrimitives.dll
0x00007ffb12430000 - 0x00007ffb1246b000 	C:\Users\USer\.p2\pool\plugins\org.eclipse.justj.openjdk.hotspot.jre.full.win32.x86_64_17.0.8.v20230831-1047\jre\bin\jdwp.dll
0x00007ffb17660000 - 0x00007ffb1766e000 	C:\Users\USer\.p2\pool\plugins\org.eclipse.justj.openjdk.hotspot.jre.full.win32.x86_64_17.0.8.v20230831-1047\jre\bin\instrument.dll
0x00007ffb139e0000 - 0x00007ffb13a05000 	C:\Users\USer\.p2\pool\plugins\org.eclipse.justj.openjdk.hotspot.jre.full.win32.x86_64_17.0.8.v20230831-1047\jre\bin\java.dll

dbghelp: loaded successfully - version: 4.0.5 - missing functions: none
symbol engine: initialized successfully - sym options: 0x614 - pdb path: .;C:\Users\USer\.p2\pool\plugins\org.eclipse.justj.openjdk.hotspot.jre.full.win32.x86_64_17.0.8.v20230831-1047\jre\bin;C:\WINDOWS\SYSTEM32;C:\WINDOWS\WinSxS\amd64_microsoft.windows.common-controls_6595b64144ccf1df_6.0.22621.3235_none_270f74e173860f98;C:\Program Files (x86)\360\Total Security\safemon;C:\Users\USer\.p2\pool\plugins\org.eclipse.justj.openjdk.hotspot.jre.full.win32.x86_64_17.0.8.v20230831-1047\jre\bin\server

VM Arguments:
jvm_args: -XX:+ShowCodeDetailsInExceptionMessages -agentlib:jdwp=transport=dt_socket,suspend=y,address=localhost:49271 -javaagent:C:\Users\USer\eclipse\java-2023-0618\eclipse\configuration\org.eclipse.osgi\248\0\.cp\lib\javaagent-shaded.jar -Dfile.encoding=UTF-8 --module-path=C:\Users\USer\eclipse-workspace\Java_CK\bin -Djdk.module.main=Java_CK 
java_command: Java_CK/Java_CK.ChatServer
java_class_path (initial): C:\Users\USer\eclipse-workspace\Java_CK\src\lib\mysql-connector-java-8.0.28.jar
Launcher Type: SUN_STANDARD

[Global flags]
     intx CICompilerCount                          = 4                                         {product} {ergonomic}
     uint ConcGCThreads                            = 3                                         {product} {ergonomic}
     uint G1ConcRefinementThreads                  = 10                                        {product} {ergonomic}
   size_t G1HeapRegionSize                         = 1048576                                   {product} {ergonomic}
    uintx GCDrainStackTargetSize                   = 64                                        {product} {ergonomic}
   size_t InitialHeapSize                          = 125829120                                 {product} {ergonomic}
   size_t MarkStackSize                            = 4194304                                   {product} {ergonomic}
   size_t MaxHeapSize                              = 1981808640                                {product} {ergonomic}
   size_t MinHeapDeltaBytes                        = 1048576                                   {product} {ergonomic}
   size_t MinHeapSize                              = 8388608                                   {product} {ergonomic}
    uintx NonNMethodCodeHeapSize                   = 5839372                                {pd product} {ergonomic}
    uintx NonProfiledCodeHeapSize                  = 122909434                              {pd product} {ergonomic}
    uintx ProfiledCodeHeapSize                     = 122909434                              {pd product} {ergonomic}
    uintx ReservedCodeCacheSize                    = 251658240                              {pd product} {ergonomic}
     bool SegmentedCodeCache                       = true                                      {product} {ergonomic}
     bool ShowCodeDetailsInExceptionMessages       = true                                   {manageable} {command line}
   size_t SoftMaxHeapSize                          = 1981808640                             {manageable} {ergonomic}
     bool UseCompressedClassPointers               = true                           {product lp64_product} {ergonomic}
     bool UseCompressedOops                        = true                           {product lp64_product} {ergonomic}
     bool UseG1GC                                  = true                                      {product} {ergonomic}
     bool UseLargePagesIndividualAllocation        = false                                  {pd product} {ergonomic}

Logging:
Log output configuration:
 #0: stdout all=warning uptime,level,tags
 #1: stderr all=off uptime,level,tags

Environment Variables:
PATH=C:\Users\USer\.p2\pool\plugins\org.eclipse.justj.openjdk.hotspot.jre.full.win32.x86_64_17.0.8.v20230831-1047\jre\bin;C:\Program Files\Common Files\Oracle\Java\javapath;C:\Program Files (x86)\Common Files\Oracle\Java\javapath;C:\ProgramData\Oracle\Java\javapath;C:\WINDOWS\system32;C:\WINDOWS;C:\WINDOWS\System32\Wbem;C:\WINDOWS\System32\WindowsPowerShell\v1.0\;C:\WINDOWS\System32\OpenSSH\;C:\Program Files\Java\jre1.8.0_45\bin;C:\Program Files\Java\jdk1.8.0_45\bin;C:\Program Files\dotnet\;C:\Program Files\Microsoft SQL Server\150\Tools\Binn\;C:\Program Files\Microsoft SQL Server\Client SDK\ODBC\170\Tools\Binn\;C:\Program Files\Azure Data Studio\bin;C:\Program Files (x86)\Microsoft SQL Server\160\DTS\Binn\;C:\Program Files\Git\cmd;C:\Program Files\MySQL\MySQL Server 8.0\bin;C:\Program Files\MySQL\MySQL Shell 8.0\bin\;C:\Users\USer\AppData\Local\Microsoft\WindowsApps;C:\Users\USer\.dotnet\tools;C:\Program Files\Azure Data Studio\bin;C:\Users\USer\AppData\Local\Programs\Microsoft VS Code\bin
USERNAME=USer
OS=Windows_NT
PROCESSOR_IDENTIFIER=AMD64 Family 25 Model 80 Stepping 0, AuthenticAMD
TMP=C:\Users\USer\AppData\Local\Temp
TEMP=C:\Users\USer\AppData\Local\Temp



---------------  S Y S T E M  ---------------

OS:
 Windows 11 , 64 bit Build 22621 (10.0.22621.3374)
OS uptime: 6 days 8:56 hours
Hyper-V role detected

CPU: total 12 (initial active 12) (12 cores per cpu, 2 threads per core) family 25 model 80 stepping 0 microcode 0x0, cx8, cmov, fxsr, ht, mmx, 3dnowpref, sse, sse2, sse3, ssse3, sse4a, sse4.1, sse4.2, popcnt, lzcnt, tsc, tscinvbit, avx, avx2, aes, erms, clmul, bmi1, bmi2, adx, sha, fma, vzeroupper, clflush, clflushopt, hv
Processor Information for all 12 processors :
  Max Mhz: 2000, Current Mhz: 2000, Mhz Limit: 2000

Memory: 4k page, system-wide physical 7559M (144M free)
TotalPageFile size 31111M (AvailPageFile size 6M)
current process WorkingSet (physical memory assigned to process): 12M, peak: 12M
current process commit charge ("private bytes"): 54M, peak: 55M

vm_info: OpenJDK 64-Bit Server VM (17.0.8.1+1) for windows-amd64 JRE (17.0.8.1+1), built on Aug 23 2023 15:29:17 by "admin" with MS VC++ 16.7 (VS2019)

END.
